<?xml version="1.0" encoding="UTF-8" standalone="no"?>
<testsuite errors="0" failures="0" name="io.cucumber.core.plugin.JUnitFormatter" skipped="0" tests="1" time="18.146">
<testcase classname="feature to test google search functionality" name="Validate google search is working" time="17.741">
<system-out><![CDATA[Given browser window is open................................................passed
And user is on google search page...........................................passed
When user enters a text in search box.......................................passed
And hits enter..............................................................passed
Then user is navigated to search results....................................passed
]]></system-out>
</testcase>
</testsuite>
